TN:
SF:src/app.ts
FNF:0
FNH:0
DA:1,1
DA:2,1
DA:3,1
DA:4,1
DA:5,1
DA:6,1
DA:7,1
DA:8,1
DA:9,1
DA:10,1
DA:11,1
DA:12,1
LF:12
LH:12
BRF:0
BRH:0
end_of_record
TN:
SF:src/auth.ts
FN:10,hashPassword
FN:14,comparePassword
FN:22,signToken
FN:31,verifyToken
FNF:4
FNH:4
FNDA:1,hashPassword
FNDA:2,comparePassword
FNDA:3,signToken
FNDA:7,verifyToken
DA:1,1
DA:2,1
DA:3,1
DA:4,1
DA:5,1
DA:6,1
DA:7,1
DA:8,1
DA:9,1
DA:10,1
DA:11,1
DA:12,1
DA:13,1
DA:14,2
DA:15,2
DA:16,2
DA:17,1
DA:18,1
DA:19,1
DA:20,1
DA:21,1
DA:22,3
DA:23,3
DA:24,3
DA:25,3
DA:26,3
DA:27,3
DA:28,3
DA:29,3
DA:30,1
DA:31,7
DA:32,7
DA:33,7
DA:34,7
DA:35,7
DA:36,7
DA:37,7
DA:38,7
DA:39,7
DA:40,0
DA:41,0
DA:42,0
DA:43,7
DA:44,1
DA:45,1
LF:45
LH:42
BRDA:10,0,0,1
BRDA:14,1,0,2
BRDA:22,2,0,3
BRDA:31,3,0,7
BRDA:39,4,0,0
BRF:5
BRH:4
end_of_record
TN:
SF:src/db.ts
FNF:0
FNH:0
DA:1,1
DA:2,1
DA:3,1
DA:4,1
DA:5,1
DA:6,1
DA:7,1
DA:8,1
DA:9,1
DA:10,1
DA:11,1
DA:12,1
DA:13,1
DA:14,1
DA:15,1
LF:15
LH:15
BRDA:7,0,0,0
BRF:1
BRH:0
end_of_record
TN:
SF:src/server.ts
FN:1,(empty-report)
FNF:1
FNH:0
FNDA:0,(empty-report)
DA:1,0
DA:2,0
DA:3,0
DA:4,0
DA:5,0
DA:6,0
DA:7,0
DA:8,0
DA:9,0
DA:10,0
DA:11,0
DA:12,0
DA:13,0
DA:14,0
DA:15,0
DA:16,0
LF:16
LH:0
BRDA:1,0,0,0
BRF:1
BRH:0
end_of_record
TN:
SF:src/controllers/accounts.ts
FN:7,getAccounts
FN:15,getAccount
FN:35,addAccount
FN:51,setAccount
FN:77,loginAccount
FN:97,logoutAccount
FNF:6
FNH:6
FNDA:1,getAccounts
FNDA:3,getAccount
FNDA:1,addAccount
FNDA:3,setAccount
FNDA:2,loginAccount
FNDA:1,logoutAccount
DA:1,1
DA:2,1
DA:3,1
DA:4,1
DA:5,1
DA:6,1
DA:7,1
DA:8,1
DA:9,1
DA:10,2
DA:11,2
DA:12,1
DA:13,1
DA:14,1
DA:15,3
DA:16,3
DA:17,3
DA:18,3
DA:19,1
DA:20,1
DA:21,2
DA:22,2
DA:23,3
DA:24,1
DA:25,1
DA:26,1
DA:27,1
DA:28,1
DA:29,3
DA:30,0
DA:31,0
DA:32,0
DA:33,3
DA:34,1
DA:35,1
DA:36,1
DA:37,1
DA:38,1
DA:39,1
DA:40,1
DA:41,1
DA:42,1
DA:43,1
DA:44,1
DA:45,1
DA:46,0
DA:47,0
DA:48,0
DA:49,1
DA:50,1
DA:51,3
DA:52,3
DA:53,3
DA:54,3
DA:55,1
DA:56,1
DA:57,2
DA:58,2
DA:59,2
DA:60,3
DA:61,0
DA:62,0
DA:63,2
DA:64,2
DA:65,3
DA:66,1
DA:67,1
DA:68,1
DA:69,2
DA:70,2
DA:71,3
DA:72,0
DA:73,0
DA:74,0
DA:75,3
DA:76,1
DA:77,2
DA:78,2
DA:79,2
DA:80,2
DA:81,2
DA:82,2
DA:83,2
DA:84,2
DA:85,1
DA:86,1
DA:87,1
DA:88,2
DA:89,1
DA:90,1
DA:91,2
DA:92,0
DA:93,0
DA:94,0
DA:95,2
DA:96,1
DA:97,1
DA:98,1
DA:99,1
DA:100,1
DA:101,1
DA:102,1
DA:103,1
DA:104,1
DA:105,1
DA:106,1
DA:107,1
DA:108,1
LF:108
LH:94
BRDA:7,0,0,1
BRDA:9,1,0,2
BRDA:15,2,0,3
BRDA:18,3,0,1
BRDA:21,4,0,2
BRDA:23,5,0,1
BRDA:29,6,0,0
BRDA:35,7,0,1
BRDA:45,8,0,0
BRDA:51,9,0,3
BRDA:54,10,0,1
BRDA:57,11,0,2
BRDA:60,12,0,0
BRDA:63,13,0,2
BRDA:65,14,0,1
BRDA:69,15,0,2
BRDA:71,16,0,0
BRDA:77,17,0,2
BRDA:84,18,0,1
BRDA:89,19,0,1
BRDA:91,20,0,0
BRDA:97,21,0,1
BRF:22
BRH:17
end_of_record
TN:
SF:src/models/account.ts
FN:1,(empty-report)
FNF:1
FNH:0
FNDA:0,(empty-report)
DA:1,0
DA:2,0
DA:3,0
DA:4,0
DA:5,0
DA:6,0
DA:7,0
DA:8,0
DA:9,0
DA:10,0
LF:10
LH:0
BRDA:1,0,0,0
BRF:1
BRH:0
end_of_record
TN:
SF:src/models/accountModel.ts
FNF:0
FNH:0
DA:1,1
DA:2,1
DA:3,1
DA:4,1
DA:5,1
DA:6,1
DA:7,1
DA:8,1
DA:9,1
DA:10,1
DA:11,1
DA:12,1
DA:13,1
DA:14,1
DA:15,1
DA:16,1
DA:17,1
DA:18,1
DA:19,1
DA:20,1
DA:21,1
DA:22,1
DA:23,1
DA:24,1
DA:25,1
DA:26,1
DA:27,1
DA:28,1
DA:29,1
DA:30,1
DA:31,1
DA:32,1
DA:33,1
DA:34,1
DA:35,1
DA:36,1
DA:37,1
DA:38,1
LF:38
LH:38
BRF:0
BRH:0
end_of_record
TN:
SF:src/models/accountRepository.ts
FN:5,findAll
FN:9,findByEmail
FN:15,findById
FN:19,add
FN:23,set
FN:50,remove
FN:54,removeByEmail
FNF:7
FNH:6
FNDA:1,findAll
FNDA:2,findByEmail
FNDA:2,findById
FNDA:3,add
FNDA:2,set
FNDA:0,remove
FNDA:3,removeByEmail
DA:1,1
DA:2,1
DA:3,1
DA:4,1
DA:5,1
DA:6,1
DA:7,1
DA:8,1
DA:9,2
DA:10,2
DA:11,2
DA:12,2
DA:13,2
DA:14,1
DA:15,2
DA:16,2
DA:17,2
DA:18,1
DA:19,3
DA:20,3
DA:21,3
DA:22,1
DA:23,2
DA:24,2
DA:25,2
DA:26,2
DA:27,1
DA:28,1
DA:29,1
DA:30,1
DA:31,1
DA:32,0
DA:33,0
DA:34,1
DA:35,1
DA:36,0
DA:37,0
DA:38,1
DA:39,1
DA:40,0
DA:41,0
DA:42,1
DA:43,1
DA:44,1
DA:45,1
DA:46,1
DA:47,1
DA:48,1
DA:49,1
DA:50,0
DA:51,0
DA:52,0
DA:53,1
DA:54,3
DA:55,3
DA:56,3
DA:57,1
DA:58,1
LF:58
LH:49
BRDA:5,0,0,1
BRDA:9,1,0,2
BRDA:15,2,0,2
BRDA:19,3,0,3
BRDA:23,4,0,2
BRDA:26,5,0,1
BRDA:31,6,0,0
BRDA:35,7,0,0
BRDA:39,8,0,0
BRDA:54,9,0,3
BRF:10
BRH:7
end_of_record
TN:
SF:src/models/accountSchemas.ts
FNF:0
FNH:0
DA:1,1
DA:2,1
DA:3,1
DA:4,1
DA:5,1
DA:6,1
DA:7,1
DA:8,1
DA:9,1
DA:10,1
DA:11,1
DA:12,1
DA:13,1
DA:14,1
DA:15,1
DA:16,1
DA:17,1
DA:18,1
DA:19,1
DA:20,1
DA:21,1
DA:22,1
DA:23,1
DA:24,1
LF:24
LH:24
BRF:0
BRH:0
end_of_record
TN:
SF:src/models/accountStatus.ts
FN:1,(empty-report)
FNF:1
FNH:0
FNDA:0,(empty-report)
DA:1,0
DA:2,0
DA:3,0
DA:4,0
DA:5,0
DA:6,0
LF:6
LH:0
BRDA:1,0,0,0
BRF:1
BRH:0
end_of_record
TN:
SF:src/routes/accounts.ts
FNF:0
FNH:0
DA:1,1
DA:2,1
DA:3,1
DA:4,1
DA:5,1
DA:6,1
DA:7,1
DA:8,1
DA:9,1
DA:10,1
DA:11,1
DA:12,1
DA:13,1
DA:14,1
DA:15,1
DA:16,1
DA:17,1
DA:18,1
DA:19,1
DA:20,1
DA:21,1
DA:22,1
DA:23,1
LF:23
LH:23
BRF:0
BRH:0
end_of_record
TN:
SF:src/routes/midlewares.ts
FN:7,validateSchema
FN:20,validateAccountSchema
FN:24,validateUpdateAccountSchema
FN:28,validateLoginSchema
FN:32,validateAuth
FNF:5
FNH:5
FNDA:8,validateSchema
FNDA:2,validateAccountSchema
FNDA:3,validateUpdateAccountSchema
FNDA:3,validateLoginSchema
FNDA:7,validateAuth
DA:1,1
DA:2,1
DA:3,1
DA:4,1
DA:5,1
DA:6,1
DA:7,8
DA:8,8
DA:9,8
DA:10,6
DA:11,6
DA:12,2
DA:13,2
DA:14,2
DA:15,2
DA:16,2
DA:17,2
DA:18,2
DA:19,1
DA:20,2
DA:21,2
DA:22,2
DA:23,1
DA:24,3
DA:25,3
DA:26,3
DA:27,1
DA:28,3
DA:29,3
DA:30,3
DA:31,1
DA:32,7
DA:33,7
DA:34,7
DA:35,7
DA:36,0
DA:37,0
DA:38,7
DA:39,7
DA:40,7
DA:41,0
DA:42,0
DA:43,7
DA:44,7
DA:45,7
DA:46,7
DA:47,0
DA:48,0
DA:49,0
DA:50,7
DA:51,1
DA:52,1
LF:52
LH:45
BRDA:7,0,0,8
BRDA:9,1,0,6
BRDA:12,2,0,2
BRDA:14,3,0,2
BRDA:20,4,0,2
BRDA:24,5,0,3
BRDA:28,6,0,3
BRDA:32,7,0,7
BRDA:35,8,0,0
BRDA:40,9,0,0
BRDA:46,10,0,0
BRF:11
BRH:8
end_of_record
